
> frontend@0.1.0 dev
> next dev

[baseline-browser-mapping] The data in this module is over two months old.  To ensure accurate Baseline data, please update: `npm i baseline-browser-mapping@latest -D`
   ▲ Next.js 16.0.5 (Turbopack)
   - Local:         http://localhost:3000
   - Network:       http://192.168.0.189:3000

 ✓ Starting...
 ✓ Ready in 557ms
 GET /admin-panel/camps 200 in 942ms (compile: 863ms, render: 79ms)
 GET /admin-panel 200 in 241ms (compile: 233ms, render: 9ms)
 GET /admin-panel/camps 200 in 20ms (compile: 4ms, render: 15ms)
 GET /admin-panel 200 in 19ms (compile: 5ms, render: 14ms)
 GET /admin-panel/camps 200 in 20ms (compile: 6ms, render: 14ms)
 GET /admin-panel/payments 200 in 247ms (compile: 235ms, render: 12ms)
 GET /admin-panel 200 in 13ms (compile: 5ms, render: 8ms)
 GET /admin-panel/camps 200 in 16ms (compile: 3ms, render: 13ms)
 GET /admin-panel 200 in 24ms (compile: 6ms, render: 18ms)
 GET /admin-panel/camps 200 in 19ms (compile: 4ms, render: 15ms)
 GET /admin-panel/camps 200 in 33ms (compile: 2ms, render: 31ms)
 GET / 307 in 167ms (compile: 142ms, render: 25ms)
 GET /camps/1/edition/1/step/1 200 in 8.3s (compile: 355ms, render: 8.0s)
 GET / 307 in 18ms (compile: 1198µs, render: 17ms)
 GET /admin-panel/camps 200 in 25ms (compile: 1361µs, render: 23ms)
 GET /admin-panel/camps 200 in 19ms (compile: 1147µs, render: 18ms)
 GET /admin-panel 200 in 12ms (compile: 3ms, render: 10ms)
 GET /admin-panel/payments 200 in 7ms (compile: 1238µs, render: 6ms)
 GET /admin-panel 200 in 19ms (compile: 5ms, render: 15ms)
 GET /admin-panel/camps 200 in 12ms (compile: 1794µs, render: 11ms)
 GET /camps/1/edition/1/step/1 200 in 51ms (compile: 2ms, render: 49ms)
 GET /admin-panel/camps 200 in 20ms (compile: 968µs, render: 19ms)
 GET /admin-panel/camps 200 in 34ms (compile: 3ms, render: 31ms)
 GET /camps/1/edition/1/step/1 200 in 26ms (compile: 12ms, render: 14ms)
 GET /admin-panel/camps 200 in 14ms (compile: 1918µs, render: 12ms)
 GET /camps/1/edition/1/step/1 200 in 24ms (compile: 1582µs, render: 22ms)
 GET /admin-panel/camps 200 in 11ms (compile: 1124µs, render: 10ms)
 GET /admin-panel/camps 200 in 24ms (compile: 879µs, render: 23ms)
 GET /camps/1/edition/1/step/1 200 in 22ms (compile: 1038µs, render: 21ms)
 GET /admin-panel/camps 200 in 10ms (compile: 1468µs, render: 8ms)
 GET /admin-panel/camps 200 in 29ms (compile: 1067µs, render: 28ms)
 GET /admin-panel/camps 200 in 9ms (compile: 1865µs, render: 7ms)
 GET /camps/1/edition/1/step/1 200 in 28ms (compile: 1338µs, render: 26ms)
 GET /admin-panel/camps 200 in 20ms (compile: 979µs, render: 19ms)
 GET /admin-panel/camps 200 in 8ms (compile: 1352µs, render: 7ms)
 GET /camps/1/edition/1/step/1 200 in 20ms (compile: 1005µs, render: 19ms)
 GET /admin-panel/camps 200 in 22ms (compile: 828µs, render: 21ms)
 GET /admin-panel/camps 200 in 9ms (compile: 1431µs, render: 8ms)
 GET /camps/1/edition/1/step/1 200 in 21ms (compile: 1073µs, render: 20ms)
 GET /admin-panel/camps 200 in 23ms (compile: 881µs, render: 22ms)
 GET /admin-panel/camps 200 in 9ms (compile: 1565µs, render: 7ms)
 GET /camps/1/edition/1/step/1 200 in 24ms (compile: 2ms, render: 21ms)
 GET /admin-panel/camps 200 in 20ms (compile: 894µs, render: 20ms)
 GET /admin-panel/camps 200 in 10ms (compile: 1399µs, render: 8ms)
 GET /camps/1/edition/1/step/1 200 in 22ms (compile: 1051µs, render: 21ms)
 GET /admin-panel/camps 200 in 23ms (compile: 954µs, render: 22ms)
 GET /camps/1/edition/1/step/1 200 in 23ms (compile: 1156µs, render: 22ms)
 GET /admin-panel/camps 200 in 11ms (compile: 1989µs, render: 9ms)
 GET /admin-panel/camps 200 in 25ms (compile: 1141µs, render: 24ms)
 GET /camps/1/edition/1/step/1 200 in 21ms (compile: 1672µs, render: 19ms)
 GET /admin-panel/camps 200 in 9ms (compile: 1319µs, render: 8ms)
 GET /admin-panel/camps 200 in 26ms (compile: 1031µs, render: 25ms)
 GET /admin-panel/camps 200 in 10ms (compile: 1584µs, render: 8ms)
 GET /camps/1/edition/1/step/1 200 in 28ms (compile: 1088µs, render: 27ms)
 GET /admin-panel/camps 200 in 19ms (compile: 1379µs, render: 18ms)
 GET /camps/1/edition/1/step/1 200 in 22ms (compile: 1057µs, render: 21ms)
 GET /admin-panel/camps 200 in 34ms (compile: 1072µs, render: 33ms)
 GET /admin-panel/camps 200 in 10ms (compile: 1186µs, render: 9ms)
 GET /camps/1/edition/1/step/1 200 in 24ms (compile: 3ms, render: 21ms)
 GET /admin-panel/camps 200 in 24ms (compile: 1506µs, render: 22ms)
 GET /camps/1/edition/1/step/1 200 in 16ms (compile: 1070µs, render: 15ms)
 GET /camps/1/edition/1/step/1 200 in 30ms (compile: 1904µs, render: 28ms)
 GET /camps/1/edition/1/step/1 200 in 15ms (compile: 2ms, render: 13ms)
 GET /camps/1/edition/1/step/1 200 in 13ms (compile: 1921µs, render: 11ms)
 GET /camps/1/edition/1/step/1 200 in 12ms (compile: 1930µs, render: 10ms)
 GET /camps/1/edition/1/step/1 200 in 13ms (compile: 941µs, render: 12ms)
 GET /camps/1/edition/1/step/1 200 in 11ms (compile: 2ms, render: 9ms)
 GET /camps/1/edition/1/step/1 200 in 12ms (compile: 967µs, render: 11ms)
 GET /camps/1/edition/1/step/1 200 in 15ms (compile: 992µs, render: 14ms)
 GET /camps/1/edition/1/step/1 200 in 13ms (compile: 3ms, render: 10ms)
 GET /camps/1/edition/1/step/1 200 in 12ms (compile: 1043µs, render: 11ms)
 GET /admin-panel/camps 200 in 117ms (compile: 5ms, render: 112ms)
 GET /admin-panel/camps/1/edit 200 in 603ms (compile: 582ms, render: 21ms)
 GET /admin-panel/camps 200 in 17ms (compile: 1003µs, render: 16ms)
 GET /admin-panel/camps/1/edit 200 in 19ms (compile: 6ms, render: 12ms)
 GET /admin-panel/camps 200 in 42ms (compile: 1102µs, render: 41ms)
 GET /admin-panel/camps/1/edit 200 in 15ms (compile: 4ms, render: 11ms)
 GET /admin-panel/camps 200 in 80ms (compile: 14ms, render: 66ms)
 GET /camps/1/edition/1/step/1 200 in 86ms (compile: 46ms, render: 40ms)
 GET /admin-panel/camps 200 in 51ms (compile: 1241µs, render: 50ms)
 GET /camps/1/edition/1/step/1 200 in 33ms (compile: 3ms, render: 30ms)
 GET /admin-panel/camps 200 in 55ms (compile: 9ms, render: 46ms)
 GET /camps/1/edition/1/step/1 200 in 65ms (compile: 2ms, render: 62ms)
 GET /admin-panel/camps 200 in 45ms (compile: 4ms, render: 41ms)
 GET /admin-panel/camps 200 in 41ms (compile: 3ms, render: 38ms)
 GET /camps/1/edition/1/step/1 200 in 108ms (compile: 18ms, render: 90ms)
 GET /admin-panel/camps 200 in 11ms (compile: 1033µs, render: 10ms)
 GET /camps/1/edition/1/step/1 200 in 22ms (compile: 1067µs, render: 21ms)
 GET /admin-panel/camps 200 in 26ms (compile: 3ms, render: 23ms)
 GET /camps/1/edition/1/step/1 200 in 54ms (compile: 1313µs, render: 53ms)
 GET /admin-panel/camps 200 in 38ms (compile: 2ms, render: 36ms)
 GET /camps/1/edition/1/step/1 200 in 22ms (compile: 5ms, render: 17ms)
 GET /admin-panel/camps 200 in 23ms (compile: 993µs, render: 22ms)
 GET /admin-panel/camps 200 in 11ms (compile: 2ms, render: 8ms)
 GET /camps/1/edition/1/step/1 200 in 24ms (compile: 1261µs, render: 23ms)
 GET /admin-panel/camps 200 in 24ms (compile: 1808µs, render: 23ms)
 GET /admin-panel/camps 200 in 9ms (compile: 1399µs, render: 8ms)
 GET /camps/1/edition/1/step/1 200 in 22ms (compile: 1099µs, render: 21ms)
 GET /admin-panel/camps 200 in 23ms (compile: 1122µs, render: 22ms)
 GET /camps/1/edition/1/step/1 200 in 23ms (compile: 1100µs, render: 22ms)
 GET /admin-panel/camps 200 in 9ms (compile: 953µs, render: 8ms)
 GET /admin-panel/camps 200 in 24ms (compile: 1072µs, render: 23ms)
 GET /camps/1/edition/1/step/1 200 in 25ms (compile: 9ms, render: 16ms)
 GET /admin-panel/camps 200 in 31ms (compile: 2ms, render: 28ms)
 GET /camps/1/edition/1/step/1 200 in 18ms (compile: 3ms, render: 15ms)
 GET /admin-panel/camps 200 in 20ms (compile: 890µs, render: 19ms)
 GET /camps/1/edition/1/step/1 200 in 26ms (compile: 1008µs, render: 25ms)
 GET /admin-panel/camps 200 in 24ms (compile: 1228µs, render: 23ms)
 GET /camps/1/edition/1/step/1 200 in 14ms (compile: 3ms, render: 11ms)
 GET /admin-panel/camps 200 in 25ms (compile: 16ms, render: 9ms)
 GET /camps/1/edition/1/step/1 200 in 26ms (compile: 1086µs, render: 25ms)
 GET /admin-panel/camps 200 in 42ms (compile: 32ms, render: 11ms)
 GET /camps/1/edition/1/step/1 200 in 43ms (compile: 1374µs, render: 42ms)
 GET /admin-panel/camps 200 in 24ms (compile: 1423µs, render: 22ms)
 GET /camps/1/edition/1/step/1 200 in 14ms (compile: 992µs, render: 13ms)
 GET /admin-panel/camps 200 in 21ms (compile: 979µs, render: 20ms)
 GET /camps/1/edition/1/step/1 200 in 20ms (compile: 1333µs, render: 19ms)
 GET /admin-panel/camps 200 in 9ms (compile: 1025µs, render: 8ms)
 GET /admin-panel/camps 200 in 22ms (compile: 857µs, render: 21ms)
 GET /admin-panel/camps 200 in 10ms (compile: 1442µs, render: 8ms)
 GET /camps/1/edition/1/step/1 200 in 21ms (compile: 1330µs, render: 20ms)
 GET /camps/1/edition/1/step/1 200 in 31ms (compile: 1335µs, render: 30ms)
 GET /camps/1/edition/1/step/1 200 in 13ms (compile: 1359µs, render: 12ms)
 GET /camps/1/edition/1/step/1 200 in 12ms (compile: 1954µs, render: 10ms)
 GET /camps/1/edition/1/step/1 200 in 12ms (compile: 862µs, render: 11ms)
 GET /camps/1/edition/1/step/1 200 in 13ms (compile: 1258µs, render: 12ms)
 GET /camps/1/edition/1/step/1 200 in 11ms (compile: 909µs, render: 10ms)
 GET /admin-panel/camps/1/edit 200 in 10ms (compile: 3ms, render: 7ms)
 GET /admin-panel/camps 200 in 106ms (compile: 2ms, render: 104ms)
 GET /admin-panel/camps 200 in 95ms (compile: 2ms, render: 93ms)
 ✓ Compiled in 15ms
 ✓ Compiled in 18ms
 ✓ Compiled in 14ms
 GET /admin-panel/camps 200 in 171ms (compile: 52ms, render: 119ms)
 GET /admin-panel/camps 200 in 58ms (compile: 2ms, render: 55ms)
 GET /admin-panel/camps/1/editions/1/edit 200 in 363ms (compile: 342ms, render: 21ms)
 GET /admin-panel/camps/1/editions/1/edit 200 in 387ms (compile: 366ms, render: 21ms)
 ✓ Compiled in 14ms
 ✓ Compiled in 14ms
 GET /admin-panel/camps 200 in 132ms (compile: 43ms, render: 89ms)
 GET /admin-panel/camps 200 in 39ms (compile: 1919µs, render: 37ms)
 GET /admin-panel/camps/1/editions/1/edit 200 in 39ms (compile: 6ms, render: 33ms)
 GET /admin-panel/camps/1/editions/1/edit 200 in 27ms (compile: 3ms, render: 24ms)
 GET /admin-panel/camps 200 in 42ms (compile: 1458µs, render: 41ms)
 GET /admin-panel/camps 200 in 100ms (compile: 5ms, render: 95ms)
 GET /admin-panel/camps 200 in 80ms (compile: 3ms, render: 77ms)
 GET /admin-panel/camps/1/edit 200 in 20ms (compile: 7ms, render: 13ms)
 GET /admin-panel/camps/1/editions/1/edit 200 in 11ms (compile: 2ms, render: 9ms)
 GET /admin-panel/camps/1/editions/1/edit 200 in 11ms (compile: 1100µs, render: 10ms)
 GET /admin-panel/camps 200 in 19ms (compile: 1269µs, render: 18ms)
 GET /admin-panel/camps/1/edit 200 in 30ms (compile: 2ms, render: 28ms)
 GET /admin-panel/camps 200 in 17ms (compile: 4ms, render: 13ms)
 GET /admin-panel/camps/1/editions/1/edit 200 in 25ms (compile: 6ms, render: 18ms)
 GET /admin-panel/camps/1/edit 200 in 20ms (compile: 6ms, render: 14ms)
 GET /admin-panel/camps 200 in 9ms (compile: 1503µs, render: 8ms)
 GET /admin-panel/camps/1/editions/1/edit 200 in 22ms (compile: 4ms, render: 18ms)
 GET /admin-panel/camps/1/edit 200 in 12ms (compile: 3ms, render: 9ms)
 GET /admin-panel/camps 200 in 10ms (compile: 1519µs, render: 9ms)
 GET /admin-panel/camps/1/editions/1/edit 200 in 21ms (compile: 3ms, render: 17ms)
